<?xml version="1.0" encoding="UTF-8"?>
<!-- Generated by org.testng.reporters.JUnitXMLReporter -->
<testsuite hostname="DESKTOP-A15AP0F" ignored="0" name="Test" tests="15" failures="0" timestamp="2021-05-29T12:11:10 IST" time="186.807" errors="0">
  <testcase name="validateTitleofPage" time="0.293" classname="com.healthCare.testCases.LandingPageTest"/>
  <testcase name="validateLoginPageFully" time="0.477" classname="com.healthCare.testCases.LandingPageTest"/>
  <testcase name="clickOnToggleBtn_Home" time="0.794" classname="com.healthCare.testCases.LandingPageTest"/>
  <testcase name="clickOnToggleBtn_Login" time="0.962" classname="com.healthCare.testCases.LandingPageTest"/>
  <testcase name="clickOnMakeAppontment" time="1.034" classname="com.healthCare.testCases.LandingPageTest"/>
  <testcase name="validateLoginPageTitle" time="1.138" classname="com.healthCare.testCases.LoginPageTest"/>
  <testcase name="logintoApplication" time="2.654" classname="com.healthCare.testCases.LoginPageTest"/>
  <testcase name="getTitleOfPage" time="2.631" classname="com.healthCare.testCases.MakeAppointmentPageTest"/>
  <testcase name="validateHeaderOfHomePage" time="2.482" classname="com.healthCare.testCases.MakeAppointmentPageTest"/>
  <testcase name="selectFacilityFromDropDown" time="2.909" classname="com.healthCare.testCases.MakeAppointmentPageTest"/>
  <testcase name="checkReadmissionBox" time="2.605" classname="com.healthCare.testCases.MakeAppointmentPageTest"/>
  <testcase name="selectHealthCareProgram" time="2.842" classname="com.healthCare.testCases.MakeAppointmentPageTest"/>
  <testcase name="selectVisitDate" time="7.794" classname="com.healthCare.testCases.MakeAppointmentPageTest"/>
  <testcase name="enterCommentSection" time="2.643" classname="com.healthCare.testCases.MakeAppointmentPageTest"/>
  <testcase name="clickOnBookAppointmentBtn" time="3.382" classname="com.healthCare.testCases.MakeAppointmentPageTest"/>
</testsuite> <!-- Test -->
