<?xml version="1.0" encoding="UTF-8"?>
<!-- Generated by org.testng.reporters.JUnitXMLReporter -->
<testsuite hostname="DESKTOP-A15AP0F" ignored="0" name="Test" tests="15" failures="0" timestamp="2021-05-29T11:59:33 IST" time="191.965" errors="0">
  <testcase name="validateTitleofPage" time="0.201" classname="com.healthCare.testCases.LandingPageTest"/>
  <testcase name="validateLoginPageFully" time="0.471" classname="com.healthCare.testCases.LandingPageTest"/>
  <testcase name="clickOnToggleBtn_Home" time="0.897" classname="com.healthCare.testCases.LandingPageTest"/>
  <testcase name="clickOnToggleBtn_Login" time="1.974" classname="com.healthCare.testCases.LandingPageTest"/>
  <testcase name="clickOnMakeAppontment" time="1.032" classname="com.healthCare.testCases.LandingPageTest"/>
  <testcase name="validateLoginPageTitle" time="1.043" classname="com.healthCare.testCases.LoginPageTest"/>
  <testcase name="logintoApplication" time="3.139" classname="com.healthCare.testCases.LoginPageTest"/>
  <testcase name="getTitleOfPage" time="2.368" classname="com.healthCare.testCases.MakeAppointmentPageTest"/>
  <testcase name="validateHeaderOfHomePage" time="2.914" classname="com.healthCare.testCases.MakeAppointmentPageTest"/>
  <testcase name="selectFacilityFromDropDown" time="3.213" classname="com.healthCare.testCases.MakeAppointmentPageTest"/>
  <testcase name="checkReadmissionBox" time="2.578" classname="com.healthCare.testCases.MakeAppointmentPageTest"/>
  <testcase name="selectHealthCareProgram" time="2.454" classname="com.healthCare.testCases.MakeAppointmentPageTest"/>
  <testcase name="selectVisitDate" time="7.773" classname="com.healthCare.testCases.MakeAppointmentPageTest"/>
  <testcase name="enterCommentSection" time="2.935" classname="com.healthCare.testCases.MakeAppointmentPageTest"/>
  <testcase name="clickOnBookAppointmentBtn" time="3.781" classname="com.healthCare.testCases.MakeAppointmentPageTest"/>
</testsuite> <!-- Test -->
